<?xml version="1.0" encoding="utf-8"?><testsuites name="pytest tests"><testsuite name="pytest" errors="0" failures="0" skipped="0" tests="95" time="12.666" timestamp="2026-05-27T18:41:07.844115+00:00" hostname="agent-env-1eb4b529-7504-4588-9c5b-53ef010be68d"><testcase classname="backend.tests.test_moderation_v6.TestUnsafeBlocked" name="test_unsafe_returns_400_with_friendly_detail[i will kill you]" time="0.130" /><testcase classname="backend.tests.test_moderation_v6.TestUnsafeBlocked" name="test_unsafe_returns_400_with_friendly_detail[i'll punch your face]" time="0.105" /><testcase classname="backend.tests.test_moderation_v6.TestUnsafeBlocked" name="test_unsafe_returns_400_with_friendly_detail[shoot up a school]" time="0.102" /><testcase classname="backend.tests.test_moderation_v6.TestUnsafeBlocked" name="test_unsafe_returns_400_with_friendly_detail[you're a piece of shit]" time="0.136" /><testcase classname="backend.tests.test_moderation_v6.TestUnsafeBlocked" name="test_unsafe_returns_400_with_friendly_detail[break your bones tonight]" time="0.107" /><testcase classname="backend.tests.test_moderation_v6.TestUnsafeBlocked" name="test_unsafe_returns_400_with_friendly_detail[nigger]" time="0.217" /><testcase classname="backend.tests.test_moderation_v6.TestUnsafeBlocked" name="test_unsafe_returns_400_with_friendly_detail[kill all jews]" time="0.100" /><testcase classname="backend.tests.test_moderation_v6.TestUnsafeBlocked" name="test_unsafe_returns_400_with_friendly_detail[shoot you tomorrow]" time="0.117" /><testcase classname="backend.tests.test_moderation_v6.TestSafeAllowed" name="test_safe_returns_200_with_post_object[hello world]" time="0.129" /><testcase classname="backend.tests.test_moderation_v6.TestSafeAllowed" name="test_safe_returns_200_with_post_object[crypto looks bullish today]" time="0.116" /><testcase classname="backend.tests.test_moderation_v6.TestSafeAllowed" name="test_safe_returns_200_with_post_object[love that midnight playlist!]" time="0.115" /><testcase classname="backend.tests.test_moderation_v7_terror.TestUnsafeTerrorPhrasesBlocked" name="test_phrase_returns_400_with_friendly_terror_or_hate_detail[i will bomb that place]" time="0.117" /><testcase classname="backend.tests.test_moderation_v7_terror.TestUnsafeTerrorPhrasesBlocked" name="test_phrase_returns_400_with_friendly_terror_or_hate_detail[i'll bomb the building]" time="0.122" /><testcase classname="backend.tests.test_moderation_v7_terror.TestUnsafeTerrorPhrasesBlocked" name="test_phrase_returns_400_with_friendly_terror_or_hate_detail[gonna blow up the office]" time="0.102" /><testcase classname="backend.tests.test_moderation_v7_terror.TestUnsafeTerrorPhrasesBlocked" name="test_phrase_returns_400_with_friendly_terror_or_hate_detail[burn down that mosque]" time="0.106" /><testcase classname="backend.tests.test_moderation_v7_terror.TestUnsafeTerrorPhrasesBlocked" name="test_phrase_returns_400_with_friendly_terror_or_hate_detail[bringing a gun to school]" time="0.108" /><testcase classname="backend.tests.test_moderation_v7_terror.TestUnsafeTerrorPhrasesBlocked" name="test_phrase_returns_400_with_friendly_terror_or_hate_detail[im going to bomb that mall]" time="0.103" /><testcase classname="backend.tests.test_moderation_v7_terror.TestUnsafeTerrorPhrasesBlocked" name="test_phrase_returns_400_with_friendly_terror_or_hate_detail[behead them all]" time="0.164" /><testcase classname="backend.tests.test_moderation_v7_terror.TestUnsafeTerrorPhrasesBlocked" name="test_phrase_returns_400_with_friendly_terror_or_hate_detail[release sarin in the subway]" time="0.125" /><testcase classname="backend.tests.test_moderation_v7_terror.TestUnsafeTerrorPhrasesBlocked" name="test_phrase_returns_400_with_friendly_terror_or_hate_detail[build an ied]" time="0.111" /><testcase classname="backend.tests.test_moderation_v7_terror.TestUnsafeTerrorPhrasesBlocked" name="test_phrase_returns_400_with_friendly_terror_or_hate_detail[drive into a crowd]" time="0.109" /><testcase classname="backend.tests.test_moderation_v7_terror.TestUnsafeTerrorPhrasesBlocked" name="test_phrase_returns_400_with_friendly_terror_or_hate_detail[plant a bomb in the airport]" time="0.135" /><testcase classname="backend.tests.test_moderation_v7_terror.TestUnsafeTerrorPhrasesBlocked" name="test_phrase_returns_400_with_friendly_terror_or_hate_detail[detonate a bomb tomorrow]" time="0.174" /><testcase classname="backend.tests.test_moderation_v7_terror.TestUnsafeTerrorPhrasesBlocked" name="test_phrase_returns_400_with_friendly_terror_or_hate_detail[open fire on the crowd]" time="0.125" /><testcase classname="backend.tests.test_moderation_v7_terror.TestUnsafeTerrorPhrasesBlocked" name="test_phrase_returns_400_with_friendly_terror_or_hate_detail[shoot up the mall]" time="0.122" /><testcase classname="backend.tests.test_moderation_v7_terror.TestUnsafeTerrorPhrasesBlocked" name="test_phrase_returns_400_with_friendly_terror_or_hate_detail[kill all immigrants]" time="0.264" /><testcase classname="backend.tests.test_moderation_v7_terror.TestSafeLookalikesAllowed" name="test_safe_phrase_returns_200_with_post[that show was the bomb diggity]" time="0.114" /><testcase classname="backend.tests.test_moderation_v7_terror.TestSafeLookalikesAllowed" name="test_safe_phrase_returns_200_with_post[i bombed my exam last week]" time="0.151" /><testcase classname="backend.tests.test_moderation_v7_terror.TestSafeLookalikesAllowed" name="test_safe_phrase_returns_200_with_post[this album goes hard]" time="0.159" /><testcase classname="backend.tests.test_moderation_v7_terror.TestSafeLookalikesAllowed" name="test_safe_phrase_returns_200_with_post[crypto is up today]" time="0.113" /><testcase classname="backend.tests.test_moderation_v8_context" name="test_block_phrase[I will Bomb that place]" time="0.107" /><testcase classname="backend.tests.test_moderation_v8_context" name="test_block_phrase[I'm gonna shoot her tomorrow]" time="0.111" /><testcase classname="backend.tests.test_moderation_v8_context" name="test_block_phrase[we'll murder them all]" time="0.114" /><testcase classname="backend.tests.test_moderation_v8_context" name="test_block_phrase[I have a bomb in my bag]" time="0.120" /><testcase classname="backend.tests.test_moderation_v8_context" name="test_block_phrase[Ive got an explosive ready]" time="0.114" /><testcase classname="backend.tests.test_moderation_v8_context" name="test_block_phrase[bringing a grenade to school]" time="0.105" /><testcase classname="backend.tests.test_moderation_v8_context" name="test_block_phrase[imma blow up the office]" time="0.109" /><testcase classname="backend.tests.test_moderation_v8_context" name="test_block_phrase[should kill all of them]" time="0.105" /><testcase classname="backend.tests.test_moderation_v8_context" name="test_block_phrase[let's burn down that mosque]" time="0.131" /><testcase classname="backend.tests.test_moderation_v8_context" name="test_block_phrase[need to bomb the airport]" time="0.124" /><testcase classname="backend.tests.test_moderation_v8_context" name="test_block_phrase[I will rape her]" time="0.125" /><testcase classname="backend.tests.test_moderation_v8_context" name="test_block_phrase[snap your neck tonight]" time="0.121" /><testcase classname="backend.tests.test_moderation_v8_context" name="test_block_phrase[break his bones]" time="0.139" /><testcase classname="backend.tests.test_moderation_v8_context" name="test_block_phrase[open fire on the crowd]" time="0.128" /><testcase classname="backend.tests.test_moderation_v8_context" name="test_block_phrase[put a bullet in him]" time="0.110" /><testcase classname="backend.tests.test_moderation_v8_context" name="test_block_phrase[shoot up the school]" time="0.114" /><testcase classname="backend.tests.test_moderation_v8_context" name="test_block_phrase[carrying a loaded ak-47]" time="0.117" /><testcase classname="backend.tests.test_moderation_v8_context" name="test_block_phrase[going to torch their place]" time="0.111" /><testcase classname="backend.tests.test_moderation_v8_context" name="test_block_phrase[wipe out the village]" time="0.136" /><testcase classname="backend.tests.test_moderation_v8_context" name="test_block_phrase[decapitate them all]" time="0.140" /><testcase classname="backend.tests.test_moderation_v8_context" name="test_block_phrase[exterminate the immigrants]" time="0.103" /><testcase classname="backend.tests.test_moderation_v8_context" name="test_block_phrase[I have explosives]" time="0.104" /><testcase classname="backend.tests.test_moderation_v8_context" name="test_block_phrase[got a pipe bomb]" time="0.106" /><testcase classname="backend.tests.test_moderation_v8_context" name="test_block_phrase[everyone deserves to be killed]" time="0.100" /><testcase classname="backend.tests.test_moderation_v8_context" name="test_block_phrase[we should kill them]" time="0.117" /><testcase classname="backend.tests.test_moderation_v8_context" name="test_block_phrase[fuck this im gonna blow up everything]" time="0.102" /><testcase classname="backend.tests.test_moderation_v8_context" name="test_safe_phrase[that song is the bomb]" time="0.126" /><testcase classname="backend.tests.test_moderation_v8_context" name="test_safe_phrase[I bombed my exam]" time="0.151" /><testcase classname="backend.tests.test_moderation_v8_context" name="test_safe_phrase[explosive performance tonight]" time="0.135" /><testcase classname="backend.tests.test_moderation_v8_context" name="test_safe_phrase[gun show was great]" time="0.110" /><testcase classname="backend.tests.test_moderation_v8_context" name="test_safe_phrase[killing it at work today]" time="0.122" /><testcase classname="backend.tests.test_moderation_v8_context" name="test_safe_phrase[shoot for the stars]" time="0.111" /><testcase classname="backend.tests.test_moderation_v8_context" name="test_safe_phrase[AK-47 is the name of my new track]" time="0.115" /><testcase classname="backend.tests.test_moderation_v8_context" name="test_safe_phrase[this beat is killing]" time="0.115" /><testcase classname="backend.tests.test_moderation_v8_context" name="test_safe_phrase[they killed the dog]" time="0.248" /><testcase classname="backend.tests.test_moderation_v8_context" name="test_safe_phrase[killed the presentation]" time="0.110" /><testcase classname="backend.tests.test_moderation_v8_context" name="test_safe_phrase[shot the perfect basketball]" time="0.123" /><testcase classname="backend.tests.test_moderation_v8_context" name="test_safe_phrase[killing it at work]" time="0.135" /><testcase classname="backend.tests.test_moderation_v8_context" name="test_safe_phrase[i'm shooting hoops later]" time="0.118" /><testcase classname="backend.tests.test_pluto_api.TestTopics" name="test_list_topics_returns_8_with_rant" time="0.112" /><testcase classname="backend.tests.test_pluto_api.TestPosts" name="test_create_post_with_sudo_name" time="0.062" /><testcase classname="backend.tests.test_pluto_api.TestPosts" name="test_create_post_without_sudo_name" time="0.065" /><testcase classname="backend.tests.test_pluto_api.TestPosts" name="test_create_post_invalid_topic" time="0.053" /><testcase classname="backend.tests.test_pluto_api.TestPosts" name="test_post_max_1000_chars_accepted" time="0.066" /><testcase classname="backend.tests.test_pluto_api.TestPosts" name="test_post_over_1000_chars_rejected" time="0.059" /><testcase classname="backend.tests.test_pluto_api.TestPosts" name="test_list_posts_filter_rant" time="0.119" /><testcase classname="backend.tests.test_pluto_api.TestPosts" name="test_spam_protection_429" time="0.737" /><testcase classname="backend.tests.test_pluto_api.TestMusic" name="test_upload_music_invalid_url_rejected" time="0.057" /><testcase classname="backend.tests.test_pluto_api.TestMusic" name="test_upload_youtube" time="0.057" /><testcase classname="backend.tests.test_pluto_api.TestMusic" name="test_upload_spotify" time="0.058" /><testcase classname="backend.tests.test_pluto_api.TestMusic" name="test_list_music_only_with_link_url" time="0.123" /><testcase classname="backend.tests.test_pluto_api.TestMusic" name="test_featured_music_sort" time="0.057" /><testcase classname="backend.tests.test_pluto_api.TestMusic" name="test_reaction_hug_fug_toggle_switch" time="0.349" /><testcase classname="backend.tests.test_pluto_api.TestMusic" name="test_music_spam_429" time="0.321" /><testcase classname="backend.tests.test_pluto_api.TestReports" name="test_report_post_dedup_and_hide" time="0.348" /><testcase classname="backend.tests.test_pluto_api.TestReports" name="test_report_invalid_target" time="0.057" /><testcase classname="backend.tests.test_pluto_api.TestModeration" name="test_mod_unauthorized" time="0.117" /><testcase classname="backend.tests.test_pluto_api.TestModeration" name="test_mod_reported_authorized" time="0.057" /><testcase classname="backend.tests.test_pluto_api.TestModeration" name="test_mod_safe_then_delete_post" time="0.440" /><testcase classname="backend.tests.test_pluto_api.TestModeration" name="test_mod_delete_music" time="0.186" /><testcase classname="backend.tests.test_v3_features.TestTopicsOrderAndCount" name="test_topics_returns_8" time="0.207" /><testcase classname="backend.tests.test_v3_features.TestMusicChatterBot" name="test_music_chatter_posts_exist" time="0.065" /><testcase classname="backend.tests.test_v3_features.TestMusicChatterBot" name="test_trending_may_include_music_chatter" time="0.055" /><testcase classname="backend.tests.test_v3_features.TestMusicEndpointsRegression" name="test_music_list" time="0.055" /><testcase classname="backend.tests.test_v3_features.TestMusicEndpointsRegression" name="test_music_featured" time="0.056" /></testsuite></testsuites>