<?xml version="1.0" encoding="utf-8"?><testsuites name="pytest tests"><testsuite name="pytest" errors="0" failures="0" skipped="0" tests="56" time="7.314" timestamp="2026-05-27T18:17:57.409627+00:00" hostname="agent-env-1eb4b529-7504-4588-9c5b-53ef010be68d"><testcase classname="backend.tests.test_moderation_v6.TestUnsafeBlocked" name="test_unsafe_returns_400_with_friendly_detail[i will kill you]" time="0.260" /><testcase classname="backend.tests.test_moderation_v6.TestUnsafeBlocked" name="test_unsafe_returns_400_with_friendly_detail[i'll punch your face]" time="0.162" /><testcase classname="backend.tests.test_moderation_v6.TestUnsafeBlocked" name="test_unsafe_returns_400_with_friendly_detail[shoot up a school]" time="0.117" /><testcase classname="backend.tests.test_moderation_v6.TestUnsafeBlocked" name="test_unsafe_returns_400_with_friendly_detail[you're a piece of shit]" time="0.135" /><testcase classname="backend.tests.test_moderation_v6.TestUnsafeBlocked" name="test_unsafe_returns_400_with_friendly_detail[break your bones tonight]" time="0.115" /><testcase classname="backend.tests.test_moderation_v6.TestUnsafeBlocked" name="test_unsafe_returns_400_with_friendly_detail[nigger]" time="0.122" /><testcase classname="backend.tests.test_moderation_v6.TestUnsafeBlocked" name="test_unsafe_returns_400_with_friendly_detail[kill all jews]" time="0.103" /><testcase classname="backend.tests.test_moderation_v6.TestUnsafeBlocked" name="test_unsafe_returns_400_with_friendly_detail[shoot you tomorrow]" time="0.117" /><testcase classname="backend.tests.test_moderation_v6.TestSafeAllowed" name="test_safe_returns_200_with_post_object[hello world]" time="0.337" /><testcase classname="backend.tests.test_moderation_v6.TestSafeAllowed" name="test_safe_returns_200_with_post_object[crypto looks bullish today]" time="0.145" /><testcase classname="backend.tests.test_moderation_v6.TestSafeAllowed" name="test_safe_returns_200_with_post_object[love that midnight playlist!]" time="0.116" /><testcase classname="backend.tests.test_moderation_v7_terror.TestUnsafeTerrorPhrasesBlocked" name="test_phrase_returns_400_with_friendly_terror_or_hate_detail[i will bomb that place]" time="0.117" /><testcase classname="backend.tests.test_moderation_v7_terror.TestUnsafeTerrorPhrasesBlocked" name="test_phrase_returns_400_with_friendly_terror_or_hate_detail[i'll bomb the building]" time="0.107" /><testcase classname="backend.tests.test_moderation_v7_terror.TestUnsafeTerrorPhrasesBlocked" name="test_phrase_returns_400_with_friendly_terror_or_hate_detail[gonna blow up the office]" time="0.111" /><testcase classname="backend.tests.test_moderation_v7_terror.TestUnsafeTerrorPhrasesBlocked" name="test_phrase_returns_400_with_friendly_terror_or_hate_detail[burn down that mosque]" time="0.127" /><testcase classname="backend.tests.test_moderation_v7_terror.TestUnsafeTerrorPhrasesBlocked" name="test_phrase_returns_400_with_friendly_terror_or_hate_detail[bringing a gun to school]" time="0.103" /><testcase classname="backend.tests.test_moderation_v7_terror.TestUnsafeTerrorPhrasesBlocked" name="test_phrase_returns_400_with_friendly_terror_or_hate_detail[im going to bomb that mall]" time="0.145" /><testcase classname="backend.tests.test_moderation_v7_terror.TestUnsafeTerrorPhrasesBlocked" name="test_phrase_returns_400_with_friendly_terror_or_hate_detail[behead them all]" time="0.101" /><testcase classname="backend.tests.test_moderation_v7_terror.TestUnsafeTerrorPhrasesBlocked" name="test_phrase_returns_400_with_friendly_terror_or_hate_detail[release sarin in the subway]" time="0.101" /><testcase classname="backend.tests.test_moderation_v7_terror.TestUnsafeTerrorPhrasesBlocked" name="test_phrase_returns_400_with_friendly_terror_or_hate_detail[build an ied]" time="0.111" /><testcase classname="backend.tests.test_moderation_v7_terror.TestUnsafeTerrorPhrasesBlocked" name="test_phrase_returns_400_with_friendly_terror_or_hate_detail[drive into a crowd]" time="0.107" /><testcase classname="backend.tests.test_moderation_v7_terror.TestUnsafeTerrorPhrasesBlocked" name="test_phrase_returns_400_with_friendly_terror_or_hate_detail[plant a bomb in the airport]" time="0.105" /><testcase classname="backend.tests.test_moderation_v7_terror.TestUnsafeTerrorPhrasesBlocked" name="test_phrase_returns_400_with_friendly_terror_or_hate_detail[detonate a bomb tomorrow]" time="0.139" /><testcase classname="backend.tests.test_moderation_v7_terror.TestUnsafeTerrorPhrasesBlocked" name="test_phrase_returns_400_with_friendly_terror_or_hate_detail[open fire on the crowd]" time="0.134" /><testcase classname="backend.tests.test_moderation_v7_terror.TestUnsafeTerrorPhrasesBlocked" name="test_phrase_returns_400_with_friendly_terror_or_hate_detail[shoot up the mall]" time="0.108" /><testcase classname="backend.tests.test_moderation_v7_terror.TestUnsafeTerrorPhrasesBlocked" name="test_phrase_returns_400_with_friendly_terror_or_hate_detail[kill all immigrants]" time="0.117" /><testcase classname="backend.tests.test_moderation_v7_terror.TestSafeLookalikesAllowed" name="test_safe_phrase_returns_200_with_post[that show was the bomb diggity]" time="0.116" /><testcase classname="backend.tests.test_moderation_v7_terror.TestSafeLookalikesAllowed" name="test_safe_phrase_returns_200_with_post[i bombed my exam last week]" time="0.111" /><testcase classname="backend.tests.test_moderation_v7_terror.TestSafeLookalikesAllowed" name="test_safe_phrase_returns_200_with_post[this album goes hard]" time="0.144" /><testcase classname="backend.tests.test_moderation_v7_terror.TestSafeLookalikesAllowed" name="test_safe_phrase_returns_200_with_post[crypto is up today]" time="0.112" /><testcase classname="backend.tests.test_pluto_api.TestTopics" name="test_list_topics_returns_8_with_rant" time="0.110" /><testcase classname="backend.tests.test_pluto_api.TestPosts" name="test_create_post_with_sudo_name" time="0.053" /><testcase classname="backend.tests.test_pluto_api.TestPosts" name="test_create_post_without_sudo_name" time="0.053" /><testcase classname="backend.tests.test_pluto_api.TestPosts" name="test_create_post_invalid_topic" time="0.047" /><testcase classname="backend.tests.test_pluto_api.TestPosts" name="test_post_max_1000_chars_accepted" time="0.054" /><testcase classname="backend.tests.test_pluto_api.TestPosts" name="test_post_over_1000_chars_rejected" time="0.056" /><testcase classname="backend.tests.test_pluto_api.TestPosts" name="test_list_posts_filter_rant" time="0.114" /><testcase classname="backend.tests.test_pluto_api.TestPosts" name="test_spam_protection_429" time="0.583" /><testcase classname="backend.tests.test_pluto_api.TestMusic" name="test_upload_music_invalid_url_rejected" time="0.045" /><testcase classname="backend.tests.test_pluto_api.TestMusic" name="test_upload_youtube" time="0.050" /><testcase classname="backend.tests.test_pluto_api.TestMusic" name="test_upload_spotify" time="0.046" /><testcase classname="backend.tests.test_pluto_api.TestMusic" name="test_list_music_only_with_link_url" time="0.097" /><testcase classname="backend.tests.test_pluto_api.TestMusic" name="test_featured_music_sort" time="0.049" /><testcase classname="backend.tests.test_pluto_api.TestMusic" name="test_reaction_hug_fug_toggle_switch" time="0.304" /><testcase classname="backend.tests.test_pluto_api.TestMusic" name="test_music_spam_429" time="0.289" /><testcase classname="backend.tests.test_pluto_api.TestReports" name="test_report_post_dedup_and_hide" time="0.302" /><testcase classname="backend.tests.test_pluto_api.TestReports" name="test_report_invalid_target" time="0.064" /><testcase classname="backend.tests.test_pluto_api.TestModeration" name="test_mod_unauthorized" time="0.091" /><testcase classname="backend.tests.test_pluto_api.TestModeration" name="test_mod_reported_authorized" time="0.047" /><testcase classname="backend.tests.test_pluto_api.TestModeration" name="test_mod_safe_then_delete_post" time="0.346" /><testcase classname="backend.tests.test_pluto_api.TestModeration" name="test_mod_delete_music" time="0.149" /><testcase classname="backend.tests.test_v3_features.TestTopicsOrderAndCount" name="test_topics_returns_8" time="0.132" /><testcase classname="backend.tests.test_v3_features.TestMusicChatterBot" name="test_music_chatter_posts_exist" time="0.055" /><testcase classname="backend.tests.test_v3_features.TestMusicChatterBot" name="test_trending_may_include_music_chatter" time="0.050" /><testcase classname="backend.tests.test_v3_features.TestMusicEndpointsRegression" name="test_music_list" time="0.049" /><testcase classname="backend.tests.test_v3_features.TestMusicEndpointsRegression" name="test_music_featured" time="0.051" /></testsuite></testsuites>