<?xml version="1.0" encoding="utf-8"?><testsuites name="pytest tests"><testsuite name="pytest" errors="0" failures="0" skipped="0" tests="18" time="4.030" timestamp="2026-05-08T15:57:28.603096+00:00" hostname="agent-env-eec4e473-3c1d-4e36-8c97-d4be5b28d523"><testcase classname="backend.tests.test_pluto_api.TestTopics" name="test_list_topics_returns_8" time="0.202" /><testcase classname="backend.tests.test_pluto_api.TestPosts" name="test_create_post_success" time="0.061" /><testcase classname="backend.tests.test_pluto_api.TestPosts" name="test_create_post_invalid_topic" time="0.057" /><testcase classname="backend.tests.test_pluto_api.TestPosts" name="test_list_posts_filter" time="0.191" /><testcase classname="backend.tests.test_pluto_api.TestPosts" name="test_trending_posts" time="0.132" /><testcase classname="backend.tests.test_pluto_api.TestPosts" name="test_spam_protection_429" time="0.703" /><testcase classname="backend.tests.test_pluto_api.TestMusic" name="test_upload_music_invalid_audio" time="0.069" /><testcase classname="backend.tests.test_pluto_api.TestMusic" name="test_upload_music_success" time="0.194" /><testcase classname="backend.tests.test_pluto_api.TestMusic" name="test_list_music" time="0.064" /><testcase classname="backend.tests.test_pluto_api.TestMusic" name="test_featured_music" time="0.062" /><testcase classname="backend.tests.test_pluto_api.TestMusic" name="test_reaction_hug_then_toggle_then_switch" time="0.450" /><testcase classname="backend.tests.test_pluto_api.TestMusic" name="test_reaction_counts_update" time="0.386" /><testcase classname="backend.tests.test_pluto_api.TestReports" name="test_report_post_dedup_and_hide" time="0.358" /><testcase classname="backend.tests.test_pluto_api.TestReports" name="test_report_invalid_target" time="0.067" /><testcase classname="backend.tests.test_pluto_api.TestModeration" name="test_mod_unauthorized" time="0.120" /><testcase classname="backend.tests.test_pluto_api.TestModeration" name="test_mod_reported_authorized" time="0.061" /><testcase classname="backend.tests.test_pluto_api.TestModeration" name="test_mod_safe_then_delete" time="0.502" /><testcase classname="backend.tests.test_pluto_api.TestModeration" name="test_mod_delete_music" time="0.184" /></testsuite></testsuites>