<?xml version="1.0" encoding="utf-8"?><testsuites name="pytest tests"><testsuite name="pytest" errors="0" failures="0" skipped="0" tests="26" time="3.997" timestamp="2026-05-27T16:46:18.325344+00:00" hostname="agent-env-1eb4b529-7504-4588-9c5b-53ef010be68d"><testcase classname="backend.tests.test_pluto_api.TestTopics" name="test_list_topics_returns_8_with_rant" time="0.142" /><testcase classname="backend.tests.test_pluto_api.TestPosts" name="test_create_post_with_sudo_name" time="0.253" /><testcase classname="backend.tests.test_pluto_api.TestPosts" name="test_create_post_without_sudo_name" time="0.059" /><testcase classname="backend.tests.test_pluto_api.TestPosts" name="test_create_post_invalid_topic" time="0.054" /><testcase classname="backend.tests.test_pluto_api.TestPosts" name="test_post_max_1000_chars_accepted" time="0.057" /><testcase classname="backend.tests.test_pluto_api.TestPosts" name="test_post_over_1000_chars_rejected" time="0.057" /><testcase classname="backend.tests.test_pluto_api.TestPosts" name="test_list_posts_filter_rant" time="0.116" /><testcase classname="backend.tests.test_pluto_api.TestPosts" name="test_spam_protection_429" time="0.692" /><testcase classname="backend.tests.test_pluto_api.TestMusic" name="test_upload_music_invalid_url_rejected" time="0.056" /><testcase classname="backend.tests.test_pluto_api.TestMusic" name="test_upload_youtube" time="0.054" /><testcase classname="backend.tests.test_pluto_api.TestMusic" name="test_upload_spotify" time="0.058" /><testcase classname="backend.tests.test_pluto_api.TestMusic" name="test_list_music_only_with_link_url" time="0.105" /><testcase classname="backend.tests.test_pluto_api.TestMusic" name="test_featured_music_sort" time="0.053" /><testcase classname="backend.tests.test_pluto_api.TestMusic" name="test_reaction_hug_fug_toggle_switch" time="0.331" /><testcase classname="backend.tests.test_pluto_api.TestMusic" name="test_music_spam_429" time="0.320" /><testcase classname="backend.tests.test_pluto_api.TestReports" name="test_report_post_dedup_and_hide" time="0.341" /><testcase classname="backend.tests.test_pluto_api.TestReports" name="test_report_invalid_target" time="0.061" /><testcase classname="backend.tests.test_pluto_api.TestModeration" name="test_mod_unauthorized" time="0.115" /><testcase classname="backend.tests.test_pluto_api.TestModeration" name="test_mod_reported_authorized" time="0.061" /><testcase classname="backend.tests.test_pluto_api.TestModeration" name="test_mod_safe_then_delete_post" time="0.407" /><testcase classname="backend.tests.test_pluto_api.TestModeration" name="test_mod_delete_music" time="0.189" /><testcase classname="backend.tests.test_v3_features.TestTopicsOrderAndCount" name="test_topics_returns_8" time="0.107" /><testcase classname="backend.tests.test_v3_features.TestMusicChatterBot" name="test_music_chatter_posts_exist" time="0.059" /><testcase classname="backend.tests.test_v3_features.TestMusicChatterBot" name="test_trending_may_include_music_chatter" time="0.052" /><testcase classname="backend.tests.test_v3_features.TestMusicEndpointsRegression" name="test_music_list" time="0.047" /><testcase classname="backend.tests.test_v3_features.TestMusicEndpointsRegression" name="test_music_featured" time="0.055" /></testsuite></testsuites>